<?xml version="1.0" encoding="UTF-8"?>
<testng-results ignored="0" total="1" passed="1" failed="0" skipped="0">
  <reporter-output>
  </reporter-output>
  <suite started-at="2025-12-22T16:57:44 IST" name="AmazonSuite" finished-at="2025-12-22T16:58:01 IST" duration-ms="17348">
    <groups>
    </groups>
    <test started-at="2025-12-22T16:57:44 IST" name="Test" finished-at="2025-12-22T16:58:01 IST" duration-ms="17348">
      <class name="com.amazon.test.AmazonTest">
        <test-method is-config="true" signature="setUpBrowser()[pri:0, instance:com.amazon.test.AmazonTest@2ef3eef9]" started-at="2025-12-22T16:57:44 IST" name="setUpBrowser" finished-at="2025-12-22T16:57:52 IST" duration-ms="7798" status="PASS">
          <reporter-output>
          </reporter-output>
        </test-method> <!-- setUpBrowser -->
        <test-method signature="amazonWebSiteTest()[pri:0, instance:com.amazon.test.AmazonTest@2ef3eef9]" started-at="2025-12-22T16:57:52 IST" name="amazonWebSiteTest" finished-at="2025-12-22T16:58:01 IST" duration-ms="9039" status="PASS">
          <reporter-output>
          </reporter-output>
        </test-method> <!-- amazonWebSiteTest -->
        <test-method is-config="true" signature="tearDown()[pri:0, instance:com.amazon.test.AmazonTest@2ef3eef9]" started-at="2025-12-22T16:58:01 IST" name="tearDown" finished-at="2025-12-22T16:58:01 IST" duration-ms="443" status="PASS">
          <reporter-output>
          </reporter-output>
        </test-method> <!-- tearDown -->
      </class> <!-- com.amazon.test.AmazonTest -->
    </test> <!-- Test -->
  </suite> <!-- AmazonSuite -->
</testng-results>
