<?xml version="1.0" encoding="UTF-8"?>
<testng-results ignored="0" total="3" passed="3" failed="0" skipped="0">
  <reporter-output>
  </reporter-output>
  <suite started-at="2025-12-23T18:42:58 IST" name="AmazonSuite" finished-at="2025-12-23T18:44:00 IST" duration-ms="61646">
    <groups>
    </groups>
    <test started-at="2025-12-23T18:42:58 IST" name="ChromiumTest" finished-at="2025-12-23T18:43:11 IST" duration-ms="13296">
      <class name="com.amazon.test.AmazonParallelTest">
        <test-method signature="amzonUrl(java.lang.String)[pri:0, instance:com.amazon.test.AmazonParallelTest@10e41621]" started-at="2025-12-23T18:42:58 IST" name="amzonUrl" finished-at="2025-12-23T18:43:11 IST" duration-ms="13170" status="PASS">
          <params>
            <param index="0">
              <value>
                <![CDATA[Chrome]]>
              </value>
            </param>
          </params>
          <reporter-output>
          </reporter-output>
        </test-method> <!-- amzonUrl -->
      </class> <!-- com.amazon.test.AmazonParallelTest -->
    </test> <!-- ChromiumTest -->
    <test started-at="2025-12-23T18:43:11 IST" name="FirfoxTest" finished-at="2025-12-23T18:43:39 IST" duration-ms="27649">
      <class name="com.amazon.test.AmazonParallelTest">
        <test-method signature="amzonUrl(java.lang.String)[pri:0, instance:com.amazon.test.AmazonParallelTest@f5ac9e4]" started-at="2025-12-23T18:43:11 IST" name="amzonUrl" finished-at="2025-12-23T18:43:39 IST" duration-ms="27643" status="PASS">
          <params>
            <param index="0">
              <value>
                <![CDATA[Firefox]]>
              </value>
            </param>
          </params>
          <reporter-output>
          </reporter-output>
        </test-method> <!-- amzonUrl -->
      </class> <!-- com.amazon.test.AmazonParallelTest -->
    </test> <!-- FirfoxTest -->
    <test started-at="2025-12-23T18:43:39 IST" name="EdgeTest" finished-at="2025-12-23T18:44:00 IST" duration-ms="20520">
      <class name="com.amazon.test.AmazonParallelTest">
        <test-method signature="amzonUrl(java.lang.String)[pri:0, instance:com.amazon.test.AmazonParallelTest@384ad17b]" started-at="2025-12-23T18:43:39 IST" name="amzonUrl" finished-at="2025-12-23T18:44:00 IST" duration-ms="20503" status="PASS">
          <params>
            <param index="0">
              <value>
                <![CDATA[Edge]]>
              </value>
            </param>
          </params>
          <reporter-output>
          </reporter-output>
        </test-method> <!-- amzonUrl -->
      </class> <!-- com.amazon.test.AmazonParallelTest -->
    </test> <!-- EdgeTest -->
  </suite> <!-- AmazonSuite -->
</testng-results>
