<?xml version="1.0" encoding="UTF-8"?>
<testng-results ignored="0" total="3" passed="3" failed="0" skipped="0">
  <reporter-output>
  </reporter-output>
  <suite started-at="2025-12-23T18:02:27 IST" name="AmazonSuite" finished-at="2025-12-23T18:03:31 IST" duration-ms="64112">
    <groups>
    </groups>
    <test started-at="2025-12-23T18:02:27 IST" name="ChromiumTest" finished-at="2025-12-23T18:02:48 IST" duration-ms="20350">
      <class name="com.amazon.test.AmazonParallelTest">
        <test-method signature="amzonUrl(java.lang.String)[pri:0, instance:com.amazon.test.AmazonParallelTest@399f45b1]" started-at="2025-12-23T18:02:27 IST" name="amzonUrl" finished-at="2025-12-23T18:02:48 IST" duration-ms="20221" status="PASS">
          <params>
            <param index="0">
              <value>
                <![CDATA[Chrome]]>
              </value>
            </param>
          </params>
          <reporter-output>
          </reporter-output>
        </test-method> <!-- amzonUrl -->
      </class> <!-- com.amazon.test.AmazonParallelTest -->
    </test> <!-- ChromiumTest -->
    <test started-at="2025-12-23T18:02:48 IST" name="FirfoxTest" finished-at="2025-12-23T18:03:05 IST" duration-ms="17186">
      <class name="com.amazon.test.AmazonParallelTest">
        <test-method signature="amzonUrl(java.lang.String)[pri:0, instance:com.amazon.test.AmazonParallelTest@41d477ed]" started-at="2025-12-23T18:02:48 IST" name="amzonUrl" finished-at="2025-12-23T18:03:05 IST" duration-ms="17161" status="PASS">
          <params>
            <param index="0">
              <value>
                <![CDATA[Firefox]]>
              </value>
            </param>
          </params>
          <reporter-output>
          </reporter-output>
        </test-method> <!-- amzonUrl -->
      </class> <!-- com.amazon.test.AmazonParallelTest -->
    </test> <!-- FirfoxTest -->
    <test started-at="2025-12-23T18:03:05 IST" name="EdgeTest" finished-at="2025-12-23T18:03:31 IST" duration-ms="26422">
      <class name="com.amazon.test.AmazonParallelTest">
        <test-method signature="amzonUrl(java.lang.String)[pri:0, instance:com.amazon.test.AmazonParallelTest@33d512c1]" started-at="2025-12-23T18:03:05 IST" name="amzonUrl" finished-at="2025-12-23T18:03:31 IST" duration-ms="26402" status="PASS">
          <params>
            <param index="0">
              <value>
                <![CDATA[Edge]]>
              </value>
            </param>
          </params>
          <reporter-output>
          </reporter-output>
        </test-method> <!-- amzonUrl -->
      </class> <!-- com.amazon.test.AmazonParallelTest -->
    </test> <!-- EdgeTest -->
  </suite> <!-- AmazonSuite -->
</testng-results>
