<?xml version="1.0" encoding="UTF-8"?>
<testng-results ignored="0" total="3" passed="3" failed="0" skipped="0">
  <reporter-output>
  </reporter-output>
  <suite started-at="2025-12-23T18:56:05 IST" name="SeleniumGridSuite" finished-at="2025-12-23T18:57:58 IST" duration-ms="112558">
    <groups>
    </groups>
    <test started-at="2025-12-23T18:56:05 IST" name="ChromiumTest" finished-at="2025-12-23T18:56:28 IST" duration-ms="22811">
      <class name="com.amazon.test.SeleniumGridTest">
        <test-method signature="setUpBrowser(java.lang.String)[pri:0, instance:com.amazon.test.SeleniumGridTest@436813f3]" started-at="2025-12-23T18:56:06 IST" name="setUpBrowser" finished-at="2025-12-23T18:56:27 IST" duration-ms="21722" status="PASS">
          <params>
            <param index="0">
              <value>
                <![CDATA[Chrome]]>
              </value>
            </param>
          </params>
          <reporter-output>
          </reporter-output>
        </test-method> <!-- setUpBrowser -->
        <test-method is-config="true" signature="tearDown()[pri:0, instance:com.amazon.test.SeleniumGridTest@436813f3]" started-at="2025-12-23T18:56:27 IST" name="tearDown" finished-at="2025-12-23T18:56:28 IST" duration-ms="776" status="PASS">
          <reporter-output>
          </reporter-output>
        </test-method> <!-- tearDown -->
      </class> <!-- com.amazon.test.SeleniumGridTest -->
    </test> <!-- ChromiumTest -->
    <test started-at="2025-12-23T18:56:28 IST" name="FirfoxTest" finished-at="2025-12-23T18:57:29 IST" duration-ms="60303">
      <class name="com.amazon.test.SeleniumGridTest">
        <test-method signature="setUpBrowser(java.lang.String)[pri:0, instance:com.amazon.test.SeleniumGridTest@557caf28]" started-at="2025-12-23T18:56:28 IST" name="setUpBrowser" finished-at="2025-12-23T18:57:22 IST" duration-ms="53352" status="PASS">
          <params>
            <param index="0">
              <value>
                <![CDATA[Firefox]]>
              </value>
            </param>
          </params>
          <reporter-output>
          </reporter-output>
        </test-method> <!-- setUpBrowser -->
        <test-method is-config="true" signature="tearDown()[pri:0, instance:com.amazon.test.SeleniumGridTest@557caf28]" started-at="2025-12-23T18:57:22 IST" name="tearDown" finished-at="2025-12-23T18:57:29 IST" duration-ms="6930" status="PASS">
          <reporter-output>
          </reporter-output>
        </test-method> <!-- tearDown -->
      </class> <!-- com.amazon.test.SeleniumGridTest -->
    </test> <!-- FirfoxTest -->
    <test started-at="2025-12-23T18:57:29 IST" name="EdgeTest" finished-at="2025-12-23T18:57:58 IST" duration-ms="29161">
      <class name="com.amazon.test.SeleniumGridTest">
        <test-method signature="setUpBrowser(java.lang.String)[pri:0, instance:com.amazon.test.SeleniumGridTest@3c46e67a]" started-at="2025-12-23T18:57:29 IST" name="setUpBrowser" finished-at="2025-12-23T18:57:57 IST" duration-ms="28602" status="PASS">
          <params>
            <param index="0">
              <value>
                <![CDATA[Edge]]>
              </value>
            </param>
          </params>
          <reporter-output>
          </reporter-output>
        </test-method> <!-- setUpBrowser -->
        <test-method is-config="true" signature="tearDown()[pri:0, instance:com.amazon.test.SeleniumGridTest@3c46e67a]" started-at="2025-12-23T18:57:57 IST" name="tearDown" finished-at="2025-12-23T18:57:58 IST" duration-ms="546" status="PASS">
          <reporter-output>
          </reporter-output>
        </test-method> <!-- tearDown -->
      </class> <!-- com.amazon.test.SeleniumGridTest -->
    </test> <!-- EdgeTest -->
  </suite> <!-- SeleniumGridSuite -->
</testng-results>
