<?xml version="1.0" encoding="UTF-8"?>
<!-- Generated by org.testng.reporters.JUnitReportReporter -->
<testsuite hostname="DESKTOP-8BMDQ4G" failures="0" tests="3" name="com.amazon.test.AmazonParallelTest" time="63.784" errors="0" timestamp="2025-12-23T18:03:33 IST" skipped="0">
  <testcase classname="com.amazon.test.AmazonParallelTest" name="amzonUrl" time="20.221"/>
  <system-out/>
  <testcase classname="com.amazon.test.AmazonParallelTest" name="amzonUrl" time="26.402"/>
  <system-out/>
  <testcase classname="com.amazon.test.AmazonParallelTest" name="amzonUrl" time="17.161"/>
  <system-out/>
</testsuite> <!-- com.amazon.test.AmazonParallelTest -->
