<?xml version="1.0" encoding="UTF-8"?>
<!-- Generated by org.testng.reporters.JUnitReportReporter -->
<testsuite hostname="DESKTOP-8BMDQ4G" failures="0" tests="3" name="com.amazon.test.SeleniumGridTest" time="184.425" errors="0" timestamp="2025-12-23T17:28:26 IST" skipped="0">
  <testcase classname="com.amazon.test.SeleniumGridTest" name="setUpBrowser" time="78.172"/>
  <system-out/>
  <testcase classname="com.amazon.test.SeleniumGridTest" name="setUpBrowser" time="49.428"/>
  <system-out/>
  <testcase classname="com.amazon.test.SeleniumGridTest" name="setUpBrowser" time="56.825"/>
  <system-out/>
</testsuite> <!-- com.amazon.test.SeleniumGridTest -->
