<?xml version="1.0" encoding="UTF-8"?>
<!-- Generated by org.testng.reporters.JUnitReportReporter -->
<testsuite hostname="DESKTOP-8BMDQ4G" failures="0" tests="3" name="com.amazon.test.SeleniumGridTest" time="103.676" errors="0" timestamp="2025-12-23T18:57:59 IST" skipped="0">
  <testcase classname="com.amazon.test.SeleniumGridTest" name="setUpBrowser" time="28.602"/>
  <system-out/>
  <testcase classname="com.amazon.test.SeleniumGridTest" name="setUpBrowser" time="21.722"/>
  <system-out/>
  <testcase classname="com.amazon.test.SeleniumGridTest" name="setUpBrowser" time="53.352"/>
  <system-out/>
</testsuite> <!-- com.amazon.test.SeleniumGridTest -->
