<?xml version="1.0" encoding="UTF-8"?>
<!-- Generated by org.testng.reporters.JUnitReportReporter -->
<testsuite hostname="DESKTOP-8BMDQ4G" failures="0" tests="3" name="com.amazon.test.AmazonParallelTest" time="61.316" errors="0" timestamp="2025-12-23T18:44:01 IST" skipped="0">
  <testcase classname="com.amazon.test.AmazonParallelTest" name="amzonUrl" time="27.643"/>
  <system-out/>
  <testcase classname="com.amazon.test.AmazonParallelTest" name="amzonUrl" time="20.503"/>
  <system-out/>
  <testcase classname="com.amazon.test.AmazonParallelTest" name="amzonUrl" time="13.170"/>
  <system-out/>
</testsuite> <!-- com.amazon.test.AmazonParallelTest -->
